<?xml version="1.0" encoding="UTF-8"?>
<testng-results ignored="1" total="2" passed="1" failed="0" skipped="0">
  <reporter-output>
  </reporter-output>
  <suite started-at="2023-03-01T15:27:08Z" name="Default suite" finished-at="2023-03-01T15:27:12Z" duration-ms="3809">
    <groups>
    </groups>
    <test started-at="2023-03-01T15:27:08Z" name="Default test" finished-at="2023-03-01T15:27:12Z" duration-ms="3809">
      <class name="restAPIXML.XMLTest">
        <test-method signature="test2()[pri:0, instance:restAPIXML.XMLTest@71e693fa]" started-at="2023-03-01T15:27:08Z" name="test2" finished-at="2023-03-01T15:27:12Z" duration-ms="3786" status="PASS">
          <reporter-output>
          </reporter-output>
        </test-method> <!-- test2 -->
      </class> <!-- restAPIXML.XMLTest -->
    </test> <!-- Default test -->
  </suite> <!-- Default suite -->
</testng-results>
